<?xml version="1.0" encoding="UTF-8"?>
<!-- Generated by org.testng.reporters.JUnitXMLReporter -->
<testsuite ignored="0" hostname="DESKTOP-D7E9L8T" failures="0" tests="3" name="Test" time="4.344" errors="0" timestamp="2024-07-30T23:34:21 IST">
  <testcase classname="api.test.UserTests" name="testPostUser" time="2.668"/>
  <testcase classname="api.test.UserTests" name="testGetSingleUser" time="0.329"/>
  <testcase classname="api.test.UserTests" name="testGetUser" time="1.303"/>
</testsuite> <!-- Test -->
