<?xml version="1.0" encoding="UTF-8"?>
<!-- Generated by org.testng.reporters.JUnitXMLReporter -->
<testsuite ignored="0" hostname="DESKTOP-D7E9L8T" failures="0" tests="3" name="Test" time="3.847" errors="0" timestamp="2024-07-30T23:35:28 IST">
  <testcase classname="api.test.UserTests" name="testPostUser" time="3.378"/>
  <testcase classname="api.test.UserTests" name="testGetSingleUser" time="0.303"/>
  <testcase classname="api.test.UserTests" name="testGetUser" time="0.128"/>
</testsuite> <!-- Test -->
