<?xml version="1.0" encoding="UTF-8"?>
<testsuite xmlns:xsi="http://www.w3.org/2001/XMLSchema-instance" xsi:noNamespaceSchemaLocation="https://maven.apache.org/surefire/maven-surefire-plugin/xsd/surefire-test-report-3.0.xsd" version="3.0" name="TestSuite" time="4.987" tests="3" errors="0" skipped="0" failures="0">
  <properties>
[...]
</properties>
  <testcase name="testPostUser" classname="api.test.UserTests" time="3.385">
    <system-out><![CDATA[HTTP/1.1 201 Created
Date: Tue, 30 Jul 2024 18:05:26 GMT
Content-Type: application/json; charset=utf-8
Content-Length: 84
Connection: keep-alive
Report-To: {"group":"heroku-nel","max_age":3600,"endpoints":[{"url":"https://nel.heroku.com/reports?ts=1722362726&sid=c4c9725f-1ab0-44d8-820f-430df2718e11&s=Yc19SAUlA4Ym4P5a6U6RQXWmOKgzsHmH1bVjYSE3eJ4%3D"}]}
Reporting-Endpoints: heroku-nel=https://nel.heroku.com/reports?ts=1722362726&sid=c4c9725f-1ab0-44d8-820f-430df2718e11&s=Yc19SAUlA4Ym4P5a6U6RQXWmOKgzsHmH1bVjYSE3eJ4%3D
Nel: {"report_to":"heroku-nel","max_age":3600,"success_fraction":0.005,"failure_fraction":0.05,"response_headers":["Via"]}
X-Powered-By: Express
Access-Control-Allow-Origin: *
Etag: W/"54-LtBoLFh6UdnpwdjUXCydJRH4Zfo"
Via: 1.1 vegur
CF-Cache-Status: DYNAMIC
Server: cloudflare
CF-RAY: 8ab746dcbaf33de5-BOM

{
    "name": "morpheus",
    "job": "leader",
    "id": "917",
    "createdAt": "2024-07-30T18:05:26.097Z"
}
Response code is matched 
contentType is matched 
]]></system-out>
    <system-err><![CDATA[SLF4J: Failed to load class "org.slf4j.impl.StaticLoggerBinder".
SLF4J: Defaulting to no-operation (NOP) logger implementation
SLF4J: See http://www.slf4j.org/codes.html#StaticLoggerBinder for further details.
]]></system-err>
  </testcase>
  <testcase name="testGetSingleUser" classname="api.test.UserTests" time="0.306">
    <system-out><![CDATA[HTTP/1.1 200 OK
Date: Tue, 30 Jul 2024 18:05:27 GMT
Content-Type: application/json; charset=utf-8
Transfer-Encoding: chunked
Connection: keep-alive
Report-To: {"group":"heroku-nel","max_age":3600,"endpoints":[{"url":"https://nel.heroku.com/reports?ts=1722344829&sid=c4c9725f-1ab0-44d8-820f-430df2718e11&s=W35bY8ZODeCanqBMAHQErP3AOd%2BWC1%2BT%2BNcGmtfKP0Y%3D"}]}
Reporting-Endpoints: heroku-nel=https://nel.heroku.com/reports?ts=1722344829&sid=c4c9725f-1ab0-44d8-820f-430df2718e11&s=W35bY8ZODeCanqBMAHQErP3AOd%2BWC1%2BT%2BNcGmtfKP0Y%3D
Nel: {"report_to":"heroku-nel","max_age":3600,"success_fraction":0.005,"failure_fraction":0.05,"response_headers":["Via"]}
X-Powered-By: Express
Access-Control-Allow-Origin: *
Etag: W/"118-pbdwwFo9SKNhD3Lx5iHJyngpq00"
Via: 1.1 vegur
Cache-Control: max-age=14400
CF-Cache-Status: HIT
Age: 3208
Vary: Accept-Encoding
Server: cloudflare
CF-RAY: 8ab746e41c352e32-BOM
Content-Encoding: gzip

{
    "data": {
        "id": 2,
        "email": "janet.weaver@reqres.in",
        "first_name": "Janet",
        "last_name": "Weaver",
        "avatar": "https://reqres.in/img/faces/2-image.jpg"
    },
    "support": {
        "url": "https://reqres.in/#support-heading",
        "text": "To keep ReqRes free, contributions towards server costs are appreciated!"
    }
}
Response code is matched 
contentType is matched 
]]></system-out>
  </testcase>
  <testcase name="testGetUser" classname="api.test.UserTests" time="0.131">
    <system-out><![CDATA[HTTP/1.1 200 OK
Date: Tue, 30 Jul 2024 18:05:27 GMT
Content-Type: application/json; charset=utf-8
Transfer-Encoding: chunked
Connection: keep-alive
Report-To: {"group":"heroku-nel","max_age":3600,"endpoints":[{"url":"https://nel.heroku.com/reports?ts=1722250530&sid=c4c9725f-1ab0-44d8-820f-430df2718e11&s=kY8N06RHV1RwnM7tzmaVjYpFyPW0PsE6HDZHLRKu2vY%3D"}]}
Reporting-Endpoints: heroku-nel=https://nel.heroku.com/reports?ts=1722250530&sid=c4c9725f-1ab0-44d8-820f-430df2718e11&s=kY8N06RHV1RwnM7tzmaVjYpFyPW0PsE6HDZHLRKu2vY%3D
Nel: {"report_to":"heroku-nel","max_age":3600,"success_fraction":0.005,"failure_fraction":0.05,"response_headers":["Via"]}
X-Powered-By: Express
Access-Control-Allow-Origin: *
Etag: W/"406-ut0vzoCuidvyMf8arZpMpJ6ZRDw"
Via: 1.1 vegur
Cache-Control: max-age=14400
CF-Cache-Status: HIT
Age: 802
Vary: Accept-Encoding
Server: cloudflare
CF-RAY: 8ab746e4f9a21bd1-BOM
Content-Encoding: gzip

{
    "page": 2,
    "per_page": 6,
    "total": 12,
    "total_pages": 2,
    "data": [
        {
            "id": 7,
            "email": "michael.lawson@reqres.in",
            "first_name": "Michael",
            "last_name": "Lawson",
            "avatar": "https://reqres.in/img/faces/7-image.jpg"
        },
        {
            "id": 8,
            "email": "lindsay.ferguson@reqres.in",
            "first_name": "Lindsay",
            "last_name": "Ferguson",
            "avatar": "https://reqres.in/img/faces/8-image.jpg"
        },
        {
            "id": 9,
            "email": "tobias.funke@reqres.in",
            "first_name": "Tobias",
            "last_name": "Funke",
            "avatar": "https://reqres.in/img/faces/9-image.jpg"
        },
        {
            "id": 10,
            "email": "byron.fields@reqres.in",
            "first_name": "Byron",
            "last_name": "Fields",
            "avatar": "https://reqres.in/img/faces/10-image.jpg"
        },
        {
            "id": 11,
            "email": "george.edwards@reqres.in",
            "first_name": "George",
            "last_name": "Edwards",
            "avatar": "https://reqres.in/img/faces/11-image.jpg"
        },
        {
            "id": 12,
            "email": "rachel.howell@reqres.in",
            "first_name": "Rachel",
            "last_name": "Howell",
            "avatar": "https://reqres.in/img/faces/12-image.jpg"
        }
    ],
    "support": {
        "url": "https://reqres.in/#support-heading",
        "text": "To keep ReqRes free, contributions towards server costs are appreciated!"
    }
}
Response code is matched 
contentType is matched 
]]></system-out>
  </testcase>
</testsuite>