<?xml version="1.0" encoding="UTF-8"?>
<testng-results ignored="0" total="3" passed="3" failed="0" skipped="0">
  <reporter-output>
  </reporter-output>
  <suite started-at="2024-07-30T23:34:17 IST" name="Suite" finished-at="2024-07-30T23:34:21 IST" duration-ms="4344">
    <groups>
    </groups>
    <test started-at="2024-07-30T23:34:17 IST" name="Test" finished-at="2024-07-30T23:34:21 IST" duration-ms="4344">
      <class name="api.test.UserTests">
        <test-method is-config="true" signature="reportSetUp()[pri:0, instance:api.test.UserTests@b9b00e0]" started-at="2024-07-30T23:34:17 IST" name="reportSetUp" finished-at="2024-07-30T23:34:17 IST" duration-ms="334" status="PASS">
          <reporter-output>
          </reporter-output>
        </test-method> <!-- reportSetUp -->
        <test-method is-config="true" signature="setUpdata()[pri:0, instance:api.test.UserTests@b9b00e0]" started-at="2024-07-30T23:34:17 IST" name="setUpdata" finished-at="2024-07-30T23:34:17 IST" duration-ms="1" status="PASS">
          <reporter-output>
          </reporter-output>
        </test-method> <!-- setUpdata -->
        <test-method signature="testPostUser()[pri:1, instance:api.test.UserTests@b9b00e0]" started-at="2024-07-30T23:34:17 IST" name="testPostUser" finished-at="2024-07-30T23:34:20 IST" duration-ms="2668" status="PASS">
          <reporter-output>
          </reporter-output>
        </test-method> <!-- testPostUser -->
        <test-method signature="testGetSingleUser()[pri:2, instance:api.test.UserTests@b9b00e0]" started-at="2024-07-30T23:34:20 IST" name="testGetSingleUser" finished-at="2024-07-30T23:34:20 IST" duration-ms="329" status="PASS">
          <reporter-output>
          </reporter-output>
        </test-method> <!-- testGetSingleUser -->
        <test-method signature="testGetUser()[pri:3, instance:api.test.UserTests@b9b00e0]" started-at="2024-07-30T23:34:20 IST" name="testGetUser" finished-at="2024-07-30T23:34:21 IST" duration-ms="1303" status="PASS">
          <reporter-output>
          </reporter-output>
        </test-method> <!-- testGetUser -->
        <test-method is-config="true" signature="exitReport()[pri:0, instance:api.test.UserTests@b9b00e0]" started-at="2024-07-30T23:34:21 IST" name="exitReport" finished-at="2024-07-30T23:34:22 IST" duration-ms="312" status="PASS">
          <reporter-output>
          </reporter-output>
        </test-method> <!-- exitReport -->
      </class> <!-- api.test.UserTests -->
    </test> <!-- Test -->
  </suite> <!-- Suite -->
</testng-results>
